<?xml version="1.0" encoding="UTF-8"?>
<!-- Generated by org.testng.reporters.JUnitReportReporter -->
<testsuite skipped="0" hostname="DESKTOP-1819MVE" name="testscript.Login_Flow" tests="1" failures="0" timestamp="2021-04-22T13:10:25 IST" time="18.039" errors="0">
  <testcase name="Physician_Valid_Login" time="18.039" classname="testscript.Login_Flow"/>
  <system-out/>
</testsuite> <!-- testscript.Login_Flow -->
